[debug] [2021-04-10T10:52:30.832Z] ----------------------------------------------------------------------
[debug] [2021-04-10T10:52:30.834Z] Command:       C:\Program Files\nodejs\node.exe C:\Users\Soumya\AppData\Roaming\npm\node_modules\firebase-tools\lib\bin\firebase.js init
[debug] [2021-04-10T10:52:30.835Z] CLI Version:   9.5.0
[debug] [2021-04-10T10:52:30.835Z] Platform:      win32
[debug] [2021-04-10T10:52:30.835Z] Node Version:  v14.15.4
[debug] [2021-04-10T10:52:30.836Z] Time:          Sat Apr 10 2021 03:52:30 GMT-0700 (Pacific Daylight Time)
[debug] [2021-04-10T10:52:30.836Z] ----------------------------------------------------------------------
[debug] [2021-04-10T10:52:30.836Z] 
[debug] [2021-04-10T10:52:30.838Z] >>> [apiv2][query] GET https://firebase-public.firebaseio.com/cli.json [none]
[debug] [2021-04-10T10:52:30.858Z] > command requires scopes: ["email","openid","https://www.googleapis.com/auth/cloudplatformprojects.readonly","https://www.googleapis.com/auth/firebase","https://www.googleapis.com/auth/cloud-platform"]
[debug] [2021-04-10T10:52:30.859Z] > authorizing via signed-in user
[info] 
     ######## #### ########  ######## ########     ###     ######  ########
     ##        ##  ##     ## ##       ##     ##  ##   ##  ##       ##
     ######    ##  ########  ######   ########  #########  ######  ######
     ##        ##  ##    ##  ##       ##     ## ##     ##       ## ##
     ##       #### ##     ## ######## ########  ##     ##  ######  ########

You're about to initialize a Firebase project in this directory:

  D:\College\Year3\StarryStart\start

[debug] [2021-04-10T10:52:31.083Z] <<< [apiv2][status] GET https://firebase-public.firebaseio.com/cli.json 200
[debug] [2021-04-10T10:52:31.083Z] <<< [apiv2][body] GET https://firebase-public.firebaseio.com/cli.json {"cloudBuildErrorAfter":1594252800000,"cloudBuildWarnAfter":1590019200000,"defaultNode10After":1594252800000,"minVersion":"3.0.5","node8DeploysDisabledAfter":1613390400000,"node8RuntimeDisabledAfter":1615809600000,"node8WarnAfter":1600128000000}
